<?xml version="1.0" encoding="UTF-8"?>
<!-- Generated by org.testng.reporters.JUnitReportReporter -->
<testsuite hostname="DESKTOP-5QPL10C" failures="0" tests="2" name="controlExample.HandleListboxExample" time="25.632" errors="0" timestamp="2023-12-16T15:14:28 IST" skipped="0">
  <testcase classname="controlExample.HandleListboxExample" name="verifyCountryListboxTest" time="16.084"/>
  <system-out/>
  <testcase classname="controlExample.HandleListboxExample" name="verifyCarListboxTest" time="9.548"/>
  <system-out/>
</testsuite> <!-- controlExample.HandleListboxExample -->
