<?xml version="1.0" encoding="UTF-8"?>
<!-- Generated by org.testng.reporters.JUnitReportReporter -->
<testsuite hostname="DESKTOP-5QPL10C" failures="0" tests="4" name="controlExample.HandleListboxExample2" time="0.202" errors="0" timestamp="2023-12-16T15:24:26 IST" skipped="0">
  <testcase classname="controlExample.HandleListboxExample2" name="raju" time="0.018"/>
  <system-out/>
  <testcase classname="controlExample.HandleListboxExample2" name="verifyCountryListboxTest" time="0.088"/>
  <system-out/>
  <testcase classname="controlExample.HandleListboxExample2" name="verifyCarListboxTest" time="0.093"/>
  <system-out/>
  <testcase classname="controlExample.HandleListboxExample2" name="raju1" time="0.003"/>
  <system-out/>
</testsuite> <!-- controlExample.HandleListboxExample2 -->
