<?xml version="1.0" encoding="UTF-8"?>
<!-- Generated by org.testng.reporters.JUnitReportReporter -->
<testsuite hostname="MSI" failures="0" tests="1" name="hrmAPP.HRMLogin_Locator" time="10.222" errors="0" timestamp="2023-12-14T15:58:37 IST" skipped="0">
  <testcase classname="hrmAPP.HRMLogin_Locator" name="verifyLogin" time="10.222"/>
  <system-out/>
</testsuite> <!-- hrmAPP.HRMLogin_Locator -->
