<?xml version="1.0" encoding="UTF-8"?>
<!-- Generated by org.testng.reporters.JUnitReportReporter -->
<testsuite hostname="DESKTOP-5QPL10C" failures="0" tests="1" name="handle_ConditionalWait_sync.HandleSampleApp_textbox" time="16.011" errors="0" timestamp="2023-12-18T12:37:53 IST" skipped="0">
  <testcase classname="handle_ConditionalWait_sync.HandleSampleApp_textbox" name="handleFrame" time="16.011"/>
  <system-out/>
</testsuite> <!-- handle_ConditionalWait_sync.HandleSampleApp_textbox -->
