<?xml version="1.0" encoding="UTF-8"?>
<!-- Generated by org.testng.reporters.JUnitReportReporter -->
<testsuite hostname="MSI" failures="0" tests="1" name="hrmAPP.NOPLogin_Locator" time="5.084" errors="0" timestamp="2023-12-14T14:55:03 IST" skipped="0">
  <testcase classname="hrmAPP.NOPLogin_Locator" name="verifyLogin" time="5.084"/>
  <system-out/>
</testsuite> <!-- hrmAPP.NOPLogin_Locator -->
