<?xml version="1.0" encoding="UTF-8"?>
<!-- Generated by org.testng.reporters.JUnitReportReporter -->
<testsuite hostname="MSI" failures="0" tests="1" name="hrmAPP.HRMLogin" time="1.786" errors="0" timestamp="2023-12-14T14:50:25 IST" skipped="0">
  <testcase classname="hrmAPP.HRMLogin" name="verifyLogin" time="1.786"/>
  <system-out/>
</testsuite> <!-- hrmAPP.HRMLogin -->
