<?xml version="1.0" encoding="UTF-8"?>
<!-- Generated by org.testng.reporters.JUnitReportReporter -->
<testsuite hostname="DESKTOP-5QPL10C" failures="0" tests="5" name="unitExample_oops.Amazon_PriorityExample" time="0.024" errors="0" timestamp="2023-12-16T15:08:23 IST" skipped="0">
  <testcase classname="unitExample_oops.Amazon_PriorityExample" name="cancelOrder" time="0.003"/>
  <system-out/>
  <testcase classname="unitExample_oops.Amazon_PriorityExample" name="logout" time="0.004"/>
  <system-out/>
  <testcase classname="unitExample_oops.Amazon_PriorityExample" name="payment" time="0.004"/>
  <system-out/>
  <testcase classname="unitExample_oops.Amazon_PriorityExample" name="addItems" time="0.007"/>
  <system-out/>
  <testcase classname="unitExample_oops.Amazon_PriorityExample" name="login" time="0.006"/>
  <system-out/>
</testsuite> <!-- unitExample_oops.Amazon_PriorityExample -->
