<?xml version="1.0" encoding="UTF-8"?>
<!-- Generated by org.testng.reporters.JUnitReportReporter -->
<testsuite hostname="DESKTOP-5QPL10C" failures="0" tests="5" name="unitExample_oops.Priority_2" time="0.026" errors="0" timestamp="2023-12-16T15:09:30 IST" skipped="0">
  <testcase classname="unitExample_oops.Priority_2" name="login" time="0.007"/>
  <system-out/>
  <testcase classname="unitExample_oops.Priority_2" name="addItems" time="0.003"/>
  <system-out/>
  <testcase classname="unitExample_oops.Priority_2" name="payment" time="0.004"/>
  <system-out/>
  <testcase classname="unitExample_oops.Priority_2" name="cancelOrder" time="0.010"/>
  <system-out/>
  <testcase classname="unitExample_oops.Priority_2" name="logout" time="0.002"/>
  <system-out/>
</testsuite> <!-- unitExample_oops.Priority_2 -->
