<?xml version="1.0" encoding="UTF-8"?>
<!-- Generated by org.testng.reporters.JUnitReportReporter -->
<testsuite hostname="DESKTOP-5QPL10C" failures="0" tests="1" name="Xpath_css.xpath1" time="12.492" errors="0" timestamp="2023-12-16T15:05:36 IST" skipped="0">
  <testcase classname="Xpath_css.xpath1" name="verifyLogin" time="12.492"/>
  <system-out/>
</testsuite> <!-- Xpath_css.xpath1 -->
