<?xml version="1.0" encoding="UTF-8"?>
<!-- Generated by org.testng.reporters.JUnitReportReporter -->
<testsuite hostname="DESKTOP-5QPL10C" failures="0" tests="1" name="TestCase.LoginTest" time="7.124" errors="0" timestamp="2023-12-20T12:22:47 IST" skipped="0">
  <testcase classname="TestCase.LoginTest" name="verifyLogin" time="7.124"/>
  <system-out/>
</testsuite> <!-- TestCase.LoginTest -->
