<?xml version="1.0" encoding="UTF-8"?>
<!-- Generated by org.testng.reporters.JUnitReportReporter -->
<testsuite hostname="MSI" failures="0" tests="1" name="exercise.GenpactExercise2" time="10.605" errors="0" timestamp="2023-12-14T12:42:05 IST" skipped="0">
  <testcase classname="exercise.GenpactExercise2" name="testcase1" time="10.605"/>
  <system-out/>
</testsuite> <!-- exercise.GenpactExercise2 -->
