<?xml version="1.0" encoding="UTF-8"?>
<!-- Generated by org.testng.reporters.JUnitReportReporter -->
<testsuite hostname="DESKTOP-5QPL10C" failures="0" tests="1" name="iframeExample2.HandlePayTM_FrameExample" time="1.192" errors="0" timestamp="2023-12-18T14:20:33 IST" skipped="0">
  <testcase classname="iframeExample2.HandlePayTM_FrameExample" name="handleFrame" time="1.192"/>
  <system-out/>
</testsuite> <!-- iframeExample2.HandlePayTM_FrameExample -->
