<?xml version="1.0" encoding="UTF-8"?>
<!-- Generated by org.testng.reporters.JUnitReportReporter -->
<testsuite hostname="DESKTOP-5QPL10C" failures="0" tests="1" name="AmazonTest.Test1" time="8.933" errors="0" timestamp="2023-12-18T14:09:03 IST" skipped="0">
  <testcase classname="AmazonTest.Test1" name="amazontest" time="8.933"/>
  <system-out/>
</testsuite> <!-- AmazonTest.Test1 -->
