<?xml version="1.0" encoding="UTF-8"?>
<!-- Generated by org.testng.reporters.JUnitReportReporter -->
<testsuite hostname="MSI" failures="0" tests="1" name="exercise.HRMLogin_Locator_Link_PartialLinkText2" time="12.039" errors="0" timestamp="2023-12-14T16:59:41 IST" skipped="0">
  <testcase classname="exercise.HRMLogin_Locator_Link_PartialLinkText2" name="verifyLogin" time="12.039"/>
  <system-out/>
</testsuite> <!-- exercise.HRMLogin_Locator_Link_PartialLinkText2 -->
