<?xml version="1.0" encoding="UTF-8"?>
<!-- Generated by org.testng.reporters.JUnitReportReporter -->
<testsuite hostname="DESKTOP-5QPL10C" failures="0" tests="1" name="takeScreenShotExample.AmazonApp2" time="3.967" errors="0" timestamp="2023-12-18T15:30:34 IST" skipped="0">
  <testcase classname="takeScreenShotExample.AmazonApp2" name="handleFrame" time="3.967"/>
  <system-out/>
</testsuite> <!-- takeScreenShotExample.AmazonApp2 -->
