<?xml version="1.0" encoding="UTF-8"?>
<!-- Generated by org.testng.reporters.JUnitReportReporter -->
<testsuite hostname="DESKTOP-5QPL10C" failures="0" tests="1" name="HandleWindowExample.Handle_Window_IRCTC" time="16.108" errors="0" timestamp="2023-12-19T11:09:18 IST" skipped="0">
  <testcase classname="HandleWindowExample.Handle_Window_IRCTC" name="handleWindowExample" time="16.108"/>
  <system-out/>
</testsuite> <!-- HandleWindowExample.Handle_Window_IRCTC -->
