<?xml version="1.0" encoding="UTF-8"?>
<!-- Generated by org.testng.reporters.JUnitReportReporter -->
<testsuite hostname="MSI" failures="0" tests="1" name="hrmAPP.HRMLogin_Locator_Link_PartialLinkText" time="12.870" errors="0" timestamp="2023-12-14T16:14:06 IST" skipped="0">
  <testcase classname="hrmAPP.HRMLogin_Locator_Link_PartialLinkText" name="verifyLogin" time="12.870"/>
  <system-out/>
</testsuite> <!-- hrmAPP.HRMLogin_Locator_Link_PartialLinkText -->
