<?xml version="1.0" encoding="UTF-8"?>
<!-- Generated by org.testng.reporters.JUnitReportReporter -->
<testsuite hostname="DESKTOP-5QPL10C" failures="0" tests="1" name="takeScreenShotExample.AmazonApp" time="4.433" errors="0" timestamp="2023-12-18T15:25:58 IST" skipped="0">
  <testcase classname="takeScreenShotExample.AmazonApp" name="handleFrame" time="4.433"/>
  <system-out/>
</testsuite> <!-- takeScreenShotExample.AmazonApp -->
