<?xml version="1.0" encoding="UTF-8"?>
<!-- Generated by org.testng.reporters.JUnitReportReporter -->
<testsuite hostname="DESKTOP-5QPL10C" failures="0" tests="1" name="hrmAPP.HRMLogin_CrossBrowser" time="12.798" errors="0" timestamp="2023-12-27T11:05:44 IST" skipped="0">
  <testcase classname="hrmAPP.HRMLogin_CrossBrowser" name="verifyLogin" time="12.798"/>
  <system-out/>
</testsuite> <!-- hrmAPP.HRMLogin_CrossBrowser -->
