<?xml version="1.0" encoding="UTF-8"?>
<!-- Generated by org.testng.reporters.JUnitReportReporter -->
<testsuite hostname="DESKTOP-5QPL10C" failures="0" tests="1" name="HeadlessExecution.NOPCommApp_LoginEdge_Screenshot" time="5.895" errors="0" timestamp="2023-12-19T15:04:17 IST" skipped="0">
  <testcase classname="HeadlessExecution.NOPCommApp_LoginEdge_Screenshot" name="loginFeature" time="5.895"/>
  <system-out/>
</testsuite> <!-- HeadlessExecution.NOPCommApp_LoginEdge_Screenshot -->
