<?xml version="1.0" encoding="UTF-8"?>
<!-- Generated by org.testng.reporters.JUnitReportReporter -->
<testsuite hostname="DESKTOP-5QPL10C" failures="0" tests="1" name="ActionExample.DragDropExample" time="1.969" errors="0" timestamp="2023-12-19T12:58:31 IST" skipped="0">
  <testcase classname="ActionExample.DragDropExample" name="verifyDragDropTest" time="1.969"/>
  <system-out/>
</testsuite> <!-- ActionExample.DragDropExample -->
