<?xml version="1.0" encoding="UTF-8"?>
<!-- Generated by org.testng.reporters.JUnitReportReporter -->
<testsuite hostname="MSI" failures="0" tests="1" name="hrmAPP.HRMLogin_Locator_findElements" time="10.976" errors="0" timestamp="2023-12-14T16:07:08 IST" skipped="0">
  <testcase classname="hrmAPP.HRMLogin_Locator_findElements" name="verifyLogin" time="10.976"/>
  <system-out/>
</testsuite> <!-- hrmAPP.HRMLogin_Locator_findElements -->
