<?xml version="1.0" encoding="UTF-8"?>
<!-- Generated by org.testng.reporters.JUnitReportReporter -->
<testsuite hostname="DESKTOP-5QPL10C" failures="0" tests="1" name="nopCommExample_TestNG.NOP_LoginTest" time="0.012" errors="0" timestamp="2023-12-15T12:06:02 IST" skipped="0">
  <testcase classname="nopCommExample_TestNG.NOP_LoginTest" name="verifyLoginFeature" time="0.012"/>
  <system-out/>
</testsuite> <!-- nopCommExample_TestNG.NOP_LoginTest -->
