<?xml version="1.0" encoding="UTF-8"?>
<!-- Generated by org.testng.reporters.JUnitReportReporter -->
<testsuite hostname="DESKTOP-5QPL10C" failures="0" tests="1" name="exercise.NOPLogin_Locator_XPATH" time="13.772" errors="0" timestamp="2023-12-15T12:11:28 IST" skipped="0">
  <testcase classname="exercise.NOPLogin_Locator_XPATH" name="verifyLogin" time="13.772"/>
  <system-out/>
</testsuite> <!-- exercise.NOPLogin_Locator_XPATH -->
