<?xml version="1.0" encoding="UTF-8"?>
<!-- Generated by org.testng.reporters.JUnitReportReporter -->
<testsuite hostname="MSI" failures="0" tests="1" name="exercise.HRMLogin_Locator_Link_PartialLinkText3" time="18.502" errors="0" timestamp="2023-12-14T17:12:59 IST" skipped="0">
  <testcase classname="exercise.HRMLogin_Locator_Link_PartialLinkText3" name="verifyLogin" time="18.502"/>
  <system-out/>
</testsuite> <!-- exercise.HRMLogin_Locator_Link_PartialLinkText3 -->
