<?xml version="1.0" encoding="UTF-8"?>
<!-- Generated by org.testng.reporters.JUnitReportReporter -->
<testsuite hostname="DESKTOP-5QPL10C" failures="0" tests="1" name="Xpath_css.xpath" time="13.270" errors="0" timestamp="2023-12-16T15:04:42 IST" skipped="0">
  <testcase classname="Xpath_css.xpath" name="verifyLogin" time="13.270"/>
  <system-out/>
</testsuite> <!-- Xpath_css.xpath -->
