<?xml version="1.0" encoding="UTF-8"?>
<!-- Generated by org.testng.reporters.JUnitReportReporter -->
<testsuite hostname="DESKTOP-5QPL10C" failures="0" tests="1" name="takeScreenShotExample.ssss" time="4.554" errors="0" timestamp="2023-12-18T15:23:16 IST" skipped="0">
  <testcase classname="takeScreenShotExample.ssss" name="handleFrame" time="4.554"/>
  <system-out/>
</testsuite> <!-- takeScreenShotExample.ssss -->
