<?xml version="1.0" encoding="UTF-8"?>
<!-- Generated by org.testng.reporters.JUnitReportReporter -->
<testsuite hostname="DESKTOP-5QPL10C" failures="0" tests="1" name="LaunchingApp.saucedemo" time="18.954" errors="0" timestamp="2024-01-23T15:32:50 IST" skipped="0">
  <testcase classname="LaunchingApp.saucedemo" name="setup" time="18.954"/>
</testsuite> <!-- LaunchingApp.saucedemo -->
