<?xml version="1.0" encoding="UTF-8"?>
<!-- Generated by org.testng.reporters.JUnitReportReporter -->
<testsuite hostname="DESKTOP-5QPL10C" failures="0" tests="1" name="LaunchingApp.saucedemo" time="17.375" errors="0" timestamp="2024-01-23T15:08:09 IST" skipped="0">
  <testcase classname="LaunchingApp.saucedemo" name="setup" time="17.375"/>
</testsuite> <!-- LaunchingApp.saucedemo -->
